[debug] [2023-09-01T17:05:47.240Z] ----------------------------------------------------------------------
[debug] [2023-09-01T17:05:47.245Z] Command:       C:\Program Files\nodejs\node.exe C:\Users\Sushith G L\AppData\Roaming\npm\node_modules\firebase-tools\lib\bin\firebase.js init
[debug] [2023-09-01T17:05:47.246Z] CLI Version:   12.5.2
[debug] [2023-09-01T17:05:47.247Z] Platform:      win32
[debug] [2023-09-01T17:05:47.247Z] Node Version:  v18.17.1
[debug] [2023-09-01T17:05:47.252Z] Time:          Fri Sep 01 2023 22:35:47 GMT+0530 (India Standard Time)
[debug] [2023-09-01T17:05:47.253Z] ----------------------------------------------------------------------
[debug] 
[debug] [2023-09-01T17:05:47.291Z] > command requires scopes: ["email","openid","https://www.googleapis.com/auth/cloudplatformprojects.readonly","https://www.googleapis.com/auth/firebase","https://www.googleapis.com/auth/cloud-platform"]
[debug] [2023-09-01T17:05:47.293Z] > authorizing via signed-in user (gldhanesh22@gmail.com)
[info] 
     ######## #### ########  ######## ########     ###     ######  ########
     ##        ##  ##     ## ##       ##     ##  ##   ##  ##       ##
     ######    ##  ########  ######   ########  #########  ######  ######
     ##        ##  ##    ##  ##       ##     ## ##     ##       ## ##
     ##       #### ##     ## ######## ########  ##     ##  ######  ########

You're about to initialize a Firebase project in this directory:

  C:\Users\Sushith G L\Desktop\js\my-react-app

[info] 
=== Project Setup
[info] 
[info] First, let's associate this project directory with a Firebase project.
[info] You can create multiple project aliases by running firebase use --add, 
[info] but for now we'll just set up a default project.
[info] 
[info] i  If you want to create a project in a Google Cloud organization or folder, please use "firebase projects:create" instead, and return to this command when you've created the project. 
[debug] [2023-09-01T17:07:12.509Z] > refreshing access token with scopes: []
[debug] [2023-09-01T17:07:12.513Z] >>> [apiv2][query] POST https://www.googleapis.com/oauth2/v3/token [none]
[debug] [2023-09-01T17:07:12.513Z] >>> [apiv2][body] POST https://www.googleapis.com/oauth2/v3/token [omitted]
[debug] [2023-09-01T17:07:12.817Z] <<< [apiv2][status] POST https://www.googleapis.com/oauth2/v3/token 200
[debug] [2023-09-01T17:07:12.818Z] <<< [apiv2][body] POST https://www.googleapis.com/oauth2/v3/token [omitted]
[debug] [2023-09-01T17:07:12.831Z] >>> [apiv2][query] POST https://cloudresourcemanager.googleapis.com/v1/projects [none]
[debug] [2023-09-01T17:07:12.831Z] >>> [apiv2][body] POST https://cloudresourcemanager.googleapis.com/v1/projects {"projectId":"text-util","name":"text-utilities"}
[debug] [2023-09-01T17:07:14.208Z] <<< [apiv2][status] POST https://cloudresourcemanager.googleapis.com/v1/projects 409
[debug] [2023-09-01T17:07:14.209Z] <<< [apiv2][body] POST https://cloudresourcemanager.googleapis.com/v1/projects {"error":{"code":409,"message":"Requested entity already exists","status":"ALREADY_EXISTS"}}
[debug] [2023-09-01T17:07:14.318Z] FirebaseError: HTTP Error: 409, Requested entity already exists
    at responseToError (C:\Users\Sushith G L\AppData\Roaming\npm\node_modules\firebase-tools\lib\responseToError.js:49:12)
    at RetryOperation._fn (C:\Users\Sushith G L\AppData\Roaming\npm\node_modules\firebase-tools\lib\apiv2.js:285:77)
    at process.processTicksAndRejections (node:internal/process/task_queues:95:5)
[error] 
[error] Error: Failed to create project because there is already a project with ID text-util. Please try again with a unique project ID.
